Log file open, 02/15/23 20:28:53
LogConfig: Display: Loading Mac ini files took 0.03 seconds
LogConfig: Display: Loading LinuxArm64 ini files took 0.05 seconds
LogConfig: Display: Loading Unix ini files took 0.03 seconds
LogConfig: Display: Loading IOS ini files took 0.04 seconds
LogConfig: Display: Loading Android ini files took 0.03 seconds
LogConfig: Display: Loading HoloLens ini files took 0.05 seconds
LogConfig: Display: Loading TVOS ini files took 0.04 seconds
LogConfig: Display: Loading Linux ini files took 0.04 seconds
LogConfig: Display: Loading VulkanPC ini files took 0.02 seconds
LogConfig: Display: Loading Windows ini files took 0.02 seconds
LogWindows: Error: === Critical error: ===
LogWindows: Error: 
LogWindows: Error: Fatal error!
LogWindows: Error: 
LogWindows: Error: Unhandled Exception: EXCEPTION_ACCESS_VIOLATION reading address 0xffffffffffffffff
LogWindows: Error: 
LogWindows: Error: [Callstack] 0x00007ffd60772a3c UnrealEditor-Core.dll!UnknownFunction []
LogWindows: Error: [Callstack] 0x00007ffd60779fab UnrealEditor-Core.dll!UnknownFunction []
LogWindows: Error: [Callstack] 0x00007ffd6077d88e UnrealEditor-Core.dll!UnknownFunction []
LogWindows: Error: [Callstack] 0x00007ffd6019a287 UnrealEditor-Core.dll!UnknownFunction []
LogWindows: Error: [Callstack] 0x00007ffd6019a643 UnrealEditor-Core.dll!UnknownFunction []
LogWindows: Error: [Callstack] 0x00007ffd5ffea75c UnrealEditor-Core.dll!UnknownFunction []
LogWindows: Error: [Callstack] 0x00007ffd5ffc796e UnrealEditor-Core.dll!UnknownFunction []
LogWindows: Error: [Callstack] 0x00007ffdc2430428 UnrealEditor-Json.dll!UnknownFunction []
LogWindows: Error: [Callstack] 0x00007ffdc23b5c22 UnrealEditor-DesktopPlatform.dll!UnknownFunction []
LogWindows: Error: [Callstack] 0x00007ffdc23b319b UnrealEditor-DesktopPlatform.dll!UnknownFunction []
LogWindows: Error: [Callstack] 0x00007ffdc23b392a UnrealEditor-DesktopPlatform.dll!UnknownFunction []
LogWindows: Error: [Callstack] 0x00007ffdc23d2ed2 UnrealEditor-DesktopPlatform.dll!UnknownFunction []
LogWindows: Error: [Callstack] 0x00007ffdd3605082 UnrealEditor-Projects.dll!UnknownFunction []
LogWindows: Error: [Callstack] 0x00007ffdd360dba5 UnrealEditor-Projects.dll!UnknownFunction []
LogWindows: Error: [Callstack] 0x00007ffdd361cd43 UnrealEditor-Projects.dll!UnknownFunction []
LogWindows: Error: [Callstack] 0x00007ff7fe966a69 UnrealEditor.exe!UnknownFunction []
LogWindows: Error: [Callstack] 0x00007ff7fe97f296 UnrealEditor.exe!UnknownFunction []
LogWindows: Error: [Callstack] 0x00007ff7fe972662 UnrealEditor.exe!UnknownFunction []
LogWindows: Error: [Callstack] 0x00007ff7fe97296a UnrealEditor.exe!UnknownFunction []
LogWindows: Error: [Callstack] 0x00007ff7fe975680 UnrealEditor.exe!UnknownFunction []
LogWindows: Error: [Callstack] 0x00007ff7fe9871b4 UnrealEditor.exe!UnknownFunction []
LogWindows: Error: [Callstack] 0x00007ff7fe98a516 UnrealEditor.exe!UnknownFunction []
LogWindows: Error: [Callstack] 0x00007ffded3b7614 KERNEL32.DLL!UnknownFunction []
LogWindows: Error: [Callstack] 0x00007ffdee0226a1 ntdll.dll!UnknownFunction []
LogWindows: Error: 
LogWindows: FPlatformMisc::RequestExit(1)
LogWindows: FPlatformMisc::RequestExitWithStatus(1, 3)
LogCore: Engine exit requested (reason: Win RequestExit)
