Log file open, 02/16/23 09:25:59
LogConfig: Display: Loading Linux ini files took 0.07 seconds
LogConfig: Display: Loading Unix ini files took 0.05 seconds
LogConfig: Display: Loading LinuxArm64 ini files took 0.07 seconds
LogConfig: Display: Loading TVOS ini files took 0.06 seconds
LogConfig: Display: Loading HoloLens ini files took 0.07 seconds
LogConfig: Display: Loading Android ini files took 0.05 seconds
LogConfig: Display: Loading Mac ini files took 0.05 seconds
LogConfig: Display: Loading IOS ini files took 0.06 seconds
LogConfig: Display: Loading VulkanPC ini files took 0.02 seconds
LogConfig: Display: Loading Windows ini files took 0.02 seconds
LogWindows: Error: === Critical error: ===
LogWindows: Error: 
LogWindows: Error: Fatal error!
LogWindows: Error: 
LogWindows: Error: Unhandled Exception: EXCEPTION_ACCESS_VIOLATION reading address 0xffffffffffffffff
LogWindows: Error: 
LogWindows: Error: [Callstack] 0x00007ffd61f22a3c UnrealEditor-Core.dll!UnknownFunction []
LogWindows: Error: [Callstack] 0x00007ffd61f29fab UnrealEditor-Core.dll!UnknownFunction []
LogWindows: Error: [Callstack] 0x00007ffd61f2d88e UnrealEditor-Core.dll!UnknownFunction []
LogWindows: Error: [Callstack] 0x00007ffd6194a287 UnrealEditor-Core.dll!UnknownFunction []
LogWindows: Error: [Callstack] 0x00007ffd6194a643 UnrealEditor-Core.dll!UnknownFunction []
LogWindows: Error: [Callstack] 0x00007ffd6179a75c UnrealEditor-Core.dll!UnknownFunction []
LogWindows: Error: [Callstack] 0x00007ffd6177796e UnrealEditor-Core.dll!UnknownFunction []
LogWindows: Error: [Callstack] 0x00007ffd86180428 UnrealEditor-Json.dll!UnknownFunction []
LogWindows: Error: [Callstack] 0x00007ffd861c5c22 UnrealEditor-DesktopPlatform.dll!UnknownFunction []
LogWindows: Error: [Callstack] 0x00007ffd861c319b UnrealEditor-DesktopPlatform.dll!UnknownFunction []
LogWindows: Error: [Callstack] 0x00007ffd861c392a UnrealEditor-DesktopPlatform.dll!UnknownFunction []
LogWindows: Error: [Callstack] 0x00007ffd861e2ed2 UnrealEditor-DesktopPlatform.dll!UnknownFunction []
LogWindows: Error: [Callstack] 0x00007ffd88435082 UnrealEditor-Projects.dll!UnknownFunction []
LogWindows: Error: [Callstack] 0x00007ffd8843dba5 UnrealEditor-Projects.dll!UnknownFunction []
LogWindows: Error: [Callstack] 0x00007ffd8844cd43 UnrealEditor-Projects.dll!UnknownFunction []
LogWindows: Error: [Callstack] 0x00007ff6d6606a69 UnrealEditor.exe!UnknownFunction []
LogWindows: Error: [Callstack] 0x00007ff6d661f296 UnrealEditor.exe!UnknownFunction []
LogWindows: Error: [Callstack] 0x00007ff6d6612662 UnrealEditor.exe!UnknownFunction []
LogWindows: Error: [Callstack] 0x00007ff6d661296a UnrealEditor.exe!UnknownFunction []
LogWindows: Error: [Callstack] 0x00007ff6d6615680 UnrealEditor.exe!UnknownFunction []
LogWindows: Error: [Callstack] 0x00007ff6d66271b4 UnrealEditor.exe!UnknownFunction []
LogWindows: Error: [Callstack] 0x00007ff6d662a516 UnrealEditor.exe!UnknownFunction []
LogWindows: Error: [Callstack] 0x00007ffded3b7614 KERNEL32.DLL!UnknownFunction []
LogWindows: Error: [Callstack] 0x00007ffdee0226a1 ntdll.dll!UnknownFunction []
LogWindows: Error: 
LogWindows: FPlatformMisc::RequestExit(1)
LogWindows: FPlatformMisc::RequestExitWithStatus(1, 3)
LogCore: Engine exit requested (reason: Win RequestExit)
